<?xml version="1.0" encoding="UTF-8"?>
<!-- Generated by org.testng.reporters.JUnitXMLReporter -->
<testsuite ignored="0" hostname="adwaitharyan" failures="0" tests="8" name="mytest" time="11.801" errors="0" timestamp="2025-03-20T17:23:10 IST">
  <testcase classname="TestNGexp.OrangeHRMTest" name="openApp" time="4.271"/>
  <testcase classname="TestNGexp.OrangeHRMTest" name="login" time="0.669"/>
  <testcase classname="TestNGexp.OrangeHRMTest" name="Verifyapp" time="5.495"/>
  <testcase classname="TestNGexp.OrangeHRMTest" name="logout" time="1.107"/>
  <testcase classname="TestNGexp.OrangeHRMTest" name="closeApp" time="0.208"/>
  <testcase classname="TestNGexp.TestCasePriority" name="openapp" time="0.002"/>
  <testcase classname="TestNGexp.TestCasePriority" name="login" time="0.002"/>
  <testcase classname="TestNGexp.TestCasePriority" name="logout" time="0.002"/>
</testsuite> <!-- mytest -->
