<?xml version="1.0" encoding="UTF-8"?>
<!-- Generated by org.testng.reporters.JUnitXMLReporter -->
<testsuite ignored="0" hostname="adwaitharyan" failures="0" tests="3" name="TestFirefox" time="96.035" errors="0" timestamp="2025-07-22T17:24:20 IST">
  <testcase classname="ParallelTest.Paralleltests" name="testLogo" time="0.001"/>
  <testcase classname="ParallelTest.Paralleltests" name="testTitle" time="0.008"/>
  <testcase classname="ParallelTest.Paralleltests" name="testURL" time="0.011"/>
</testsuite> <!-- TestFirefox -->
