<?xml version="1.0" encoding="UTF-8"?>
<!-- Generated by org.testng.reporters.JUnitXMLReporter -->
<testsuite ignored="5" hostname="adwaitharyan" failures="0" tests="3" name="grouptest" time="0.051" errors="0" timestamp="2025-04-10T17:10:58 IST">
  <testcase classname="GroupingMethods.SignupTests" name="signupByFacebook" time="0.017"/>
  <testcase classname="GroupingMethods.SignupTests" name="signupByEmail" time="0.001"/>
  <testcase classname="GroupingMethods.SignupTests" name="signupByTwitter" time="0.002"/>
  <testcase classname="GroupingMethods.LoginTests" name="loginByFacebook" time="0.0">
    <ignored/>
  </testcase> <!-- loginByFacebook -->
  <testcase classname="GroupingMethods.PaymentTests" name="paymentbyRupees" time="0.0">
    <ignored/>
  </testcase> <!-- paymentbyRupees -->
  <testcase classname="GroupingMethods.LoginTests" name="loginByTwitter" time="0.0">
    <ignored/>
  </testcase> <!-- loginByTwitter -->
  <testcase classname="GroupingMethods.PaymentTests" name="paymentbyDoller" time="0.0">
    <ignored/>
  </testcase> <!-- paymentbyDoller -->
  <testcase classname="GroupingMethods.LoginTests" name="loginByEmail" time="0.0">
    <ignored/>
  </testcase> <!-- loginByEmail -->
</testsuite> <!-- grouptest -->
